#Build log:

File /opt/Development/workspace/CST-STD/migration/004_HR/postgresql/000736_FR_3015702_HR_PaySelection.sql status 0
File /opt/Development/workspace/CST-STD/migration/004_HR/postgresql/000737_FR3015725_HRPaymentSelectionCheck.sql status 0
File /opt/Development/workspace/CST-STD/migration/004_HR/postgresql/000738_FixReferencePayRule.sql status 0
File /opt/Development/workspace/CST-STD/migration/004_HR/postgresql/000751_BF3078288_ChargeMadatoryInPayroll.sql status 0
File /opt/Development/workspace/CST-STD/migration/004_HR/postgresql/000757_BF3090030_PayrollDictionaryFixes.sql status 0
File /opt/Development/workspace/CST-STD/migration/004_HR/postgresql/000758_FR2878276_ImportPayroll.sql status 0
File /opt/Development/workspace/CST-STD/migration/004_HR/postgresql/000760_BF3094982_ChangeColumns.sql status 0
File /opt/Development/workspace/CST-STD/migration/004_HR/postgresql/000903UpdateColumnViewLVE_RV_HR_ProcessDetail.sql status 0
File /opt/Development/workspace/CST-STD/migration/004_HR/postgresql/000904AddValidationHR_ProcessofPayrolCOorCL.sql status 0
File /opt/Development/workspace/CST-STD/migration/004_HR/postgresql/000906UpdateElementTrl.sql status 0
File /opt/Development/workspace/CST-STD/migration/004_HR/postgresql/000908UpdateValidationForProcessLVE_RV_HR_ProcessDetail.sql status 0
File /opt/Development/workspace/CST-STD/migration/004_HR/postgresql/001Add_Columns_BPartner_To_Adempiere.sql status 0
File /opt/Development/workspace/CST-STD/migration/004_HR/postgresql/002Add_BPartner_Columns_To_DB.sql status 0
File /opt/Development/workspace/CST-STD/migration/004_HR/postgresql/003Add_RefList_EmployeeStatus.sql status 0
File /opt/Development/workspace/CST-STD/migration/004_HR/postgresql/004AddColumnsforADUser.sql status 0
File /opt/Development/workspace/CST-STD/migration/004_HR/postgresql/005Sort_Columns_In_Contact_Windows_And_Add_Fields_in_DB_postgresql.sql status 0
File /opt/Development/workspace/CST-STD/migration/004_HR/postgresql/006IBPartnerAddEmployeeFields.sql status 0
File /opt/Development/workspace/CST-STD/migration/004_HR/postgresql/007AddIBPartner_Employee_Columns_to_DB.sql status 0
File /opt/Development/workspace/CST-STD/migration/004_HR/postgresql/008AddImportFormatEmployeeWindows_postgresql.sql status 0
File /opt/Development/workspace/CST-STD/migration/004_HR/postgresql/009UpdateValidationCreateFromProcess.sql status 0
File /opt/Development/workspace/CST-STD/migration/004_HR/postgresql/013AddNationalCode_UserContact.sql status 0
File /opt/Development/workspace/CST-STD/migration/004_HR/postgresql/014AddNationalCodeForUserContact_in_Import.sql status 0
File /opt/Development/workspace/CST-STD/migration/004_HR/postgresql/015AddGenderColumnforC_BPartner.sql status 0
File /opt/Development/workspace/CST-STD/migration/004_HR/postgresql/016AddProcessParameterImportEmployee.sql status 0
File /opt/Development/workspace/CST-STD/migration/004_HR/postgresql/017AddFormatImportEmployee.sql status 0
File /opt/Development/workspace/CST-STD/migration/004_HR/postgresql/018CorrectProcessImportEmployee_postgresql.sql status 0
File /opt/Development/workspace/CST-STD/migration/004_HR/postgresql/019AddWindowsInTable_ImportEmployee_postgresql.sql status 0
File /opt/Development/workspace/CST-STD/migration/004_HR/postgresql/020ChangeFieldLengthImportEmployee_postgresql.sql status 0
File /opt/Development/workspace/CST-STD/migration/004_HR/postgresql/021AddAttributeEmployee_Import_postgresql.sql status 0
File /opt/Development/workspace/CST-STD/migration/004_HR/postgresql/022_CorrectFormatDateValidFrom_Attribute_postgresql.sql status 0
File /opt/Development/workspace/CST-STD/migration/004_HR/postgresql/023AddConcubinatetoRefList_postgresql.sql status 0
File /opt/Development/workspace/CST-STD/migration/004_HR/postgresql/024AddAttributeEmployeeImport_postgresql.sql status 0
File /opt/Development/workspace/CST-STD/migration/004_HR/postgresql/025UpdateElementsHR_Empleoyee.sql status 0
File /opt/Development/workspace/CST-STD/migration/004_HR/postgresql/026UpdateTabAccountBankIntoWindowEmpleoye.sql status 0
File /opt/Development/workspace/CST-STD/migration/004_HR/postgresql/027UpdateTranslationProcessLVE-HR.sql status 0
File /opt/Development/workspace/CST-STD/migration/004_HR/postgresql/028AddViewLVR_RV_HR_EmpleoyeDetail.sql status 0
File /opt/Development/workspace/CST-STD/migration/004_HR/postgresql/029AddProcessLVE_RV_HR_EmployeeDetail.sql status 0
File /opt/Development/workspace/CST-STD/migration/004_HR/postgresql/030AddReportEmpleoyeDetail.sql status 0
File /opt/Development/workspace/CST-STD/migration/004_HR/postgresql/031AddReportDetailEmployee.sql status 0
File /opt/Development/workspace/CST-STD/migration/004_HR/postgresql/032UpdateReportDetailEmployee.sql status 0
File /opt/Development/workspace/CST-STD/migration/004_HR/postgresql/033AddViewLVE_RV_HR_Employee.sql status 0
File /opt/Development/workspace/CST-STD/migration/004_HR/postgresql/034AddProcesLVE_HR_Employee.sql status 0
File /opt/Development/workspace/CST-STD/migration/004_HR/postgresql/035AddMenuEmployeeReport.sql status 0
File /opt/Development/workspace/CST-STD/migration/004_HR/postgresql/036AddReportEmployeeAndEmployeeLocalization.sql status 0
File /opt/Development/workspace/CST-STD/migration/004_HR/postgresql/037AddViewLVE_RV_HR_EmployeeLoadingFamily.sql status 0
File /opt/Development/workspace/CST-STD/migration/004_HR/postgresql/038AddProcessLVE_RV_HR_EmployeeLoadingFamily.sql status 0
File /opt/Development/workspace/CST-STD/migration/004_HR/postgresql/039AddReportEmployeeLoadingFamily.sql status 0
File /opt/Development/workspace/CST-STD/migration/004_HR/postgresql/040UpdateReportEmployeeLoadingFamily.sql status 0
File /opt/Development/workspace/CST-STD/migration/004_HR/postgresql/041UpdateProcesReportHR.sql status 0
File /opt/Development/workspace/CST-STD/migration/004_HR/postgresql/042UpdateProcessAndReportHR.sql status 0
File /opt/Development/workspace/CST-STD/migration/004_HR/postgresql/043UpdateReports.sql status 0
File /opt/Development/workspace/CST-STD/migration/004_HR/postgresql/044UpdateValidationReportsHR.sql status 0
File /opt/Development/workspace/CST-STD/migration/004_HR/postgresql/045AddReportEmployeeWithSalaryandNotSalary.sql status 0
File /opt/Development/workspace/CST-STD/migration/004_HR/postgresql/046UpdateReportHR.sql status 0
File /opt/Development/workspace/CST-STD/migration/004_HR/postgresql/047AddViewLVE_RV_HR_EmployeeAccount.sql status 0
File /opt/Development/workspace/CST-STD/migration/004_HR/postgresql/048AddProcessLVE_RV_HR_EmployeeAccount.sql status 0
File /opt/Development/workspace/CST-STD/migration/004_HR/postgresql/049AddReportEmployeeBankAccount.sql status 0
File /opt/Development/workspace/CST-STD/migration/004_HR/postgresql/050AddViewLVE_RV_HR_EmployeeSalaryChange.sql status 0
File /opt/Development/workspace/CST-STD/migration/004_HR/postgresql/051AddProcessLVE_RV_HR_EmployeeSalaryChange.sql status 0
File /opt/Development/workspace/CST-STD/migration/004_HR/postgresql/052AddReportEmployeeChangeSalary.sql status 0
File /opt/Development/workspace/CST-STD/migration/004_HR/postgresql/053UpdateProcessLVE_RV_HR_EmployeeLoadingFamily.sql status 0
File /opt/Development/workspace/CST-STD/migration/004_HR/postgresql/054UpdateColumnAmountForReportsHR.sql status 0
File /opt/Development/workspace/CST-STD/migration/004_HR/postgresql/055AddViewLVE_RV_HR_PayrollDetail.sql status 0
File /opt/Development/workspace/CST-STD/migration/004_HR/postgresql/056AddProcessLVE_RV_HR_PayrollDetail.sql status 0
File /opt/Development/workspace/CST-STD/migration/004_HR/postgresql/057AddMenuPayrollDetail.sql status 0
File /opt/Development/workspace/CST-STD/migration/004_HR/postgresql/058AddReportPayrollDetail.sql status 0
File /opt/Development/workspace/CST-STD/migration/004_HR/postgresql/059UpdateReportPayrollDetail.sql status 0
File /opt/Development/workspace/CST-STD/migration/004_HR/postgresql/060AddViewLVE_RV_HR_ProcessDetail.sql status 0
File /opt/Development/workspace/CST-STD/migration/004_HR/postgresql/060Add_SelectionColumn_postgresql.sql status 0
File /opt/Development/workspace/CST-STD/migration/004_HR/postgresql/061UpdateProcessLVE_RV_HR_PayrollDetail.sql status 0
File /opt/Development/workspace/CST-STD/migration/004_HR/postgresql/062AddReportProcessDetail.sql status 0
File /opt/Development/workspace/CST-STD/migration/004_HR/postgresql/063UpdateProcessLVE_RV_HR_ProcessDetail.sql status 0
File /opt/Development/workspace/CST-STD/migration/004_HR/postgresql/064AlterViewLVE_RV_HR_ProcessDetail.sql status 0
File /opt/Development/workspace/CST-STD/migration/004_HR/postgresql/065UpdateReportViewAndColumnForViewLVE_RV_HR_ProcessDetail.sql status 0
File /opt/Development/workspace/CST-STD/migration/004_HR/postgresql/066Add_SSDiscountRate_Column_postgresql.sql status 0
File /opt/Development/workspace/CST-STD/migration/004_HR/postgresql/067UpdatePayrollAddCopyFrom.sql status 0
File /opt/Development/workspace/CST-STD/migration/004_HR/postgresql/068AddcolumnIsHCMIntoEmployee.sql status 0
File /opt/Development/workspace/CST-STD/migration/004_HR/postgresql/069UpdateTabAttributeIntoWindowEmployee.sql status 0
File /opt/Development/workspace/CST-STD/migration/004_HR/postgresql/070UpdateWindows.sql status 0
File /opt/Development/workspace/CST-STD/migration/004_HR/postgresql/071AddHRProcessReport.sql status 0
File /opt/Development/workspace/CST-STD/migration/004_HR/postgresql/072UpdateProcess.sql status 0
File /opt/Development/workspace/CST-STD/migration/004_HR/postgresql/073UpdateProcessCreateConcept.sql status 0
File /opt/Development/workspace/CST-STD/migration/004_HR/postgresql/074UpdateParameterProcessCreateConcept.sql status 0
File /opt/Development/workspace/CST-STD/migration/004_HR/postgresql/075UpdateprocessCreateConceptsProcessReport.sql status 0
File /opt/Development/workspace/CST-STD/migration/004_HR/postgresql/076AddProcessAttributeChangeInConcept.sql status 0
File /opt/Development/workspace/CST-STD/migration/004_HR/postgresql/077AddReportLVE_RV_HR_EmployeeLocalizations.sql status 0
File /opt/Development/workspace/CST-STD/migration/004_HR/postgresql/078AddSupportForPaymentExportOfPayroll.sql status 0
File /opt/Development/workspace/CST-STD/migration/004_HR/postgresql/079AddProcessSummaryPayroll.sql status 0
File /opt/Development/workspace/CST-STD/migration/004_HR/postgresql/080UpdateReportProcessSummaryPayroll.sql status 0
File /opt/Development/workspace/CST-STD/migration/004_HR/postgresql/081AddprocessConceptLoanCreate.sql status 0
File /opt/Development/workspace/CST-STD/migration/004_HR/postgresql/082AddProcessPrintHRContract.sql status 0
File /opt/Development/workspace/CST-STD/migration/004_HR/postgresql/083AddElementManagesInterest.sql status 0
File /opt/Development/workspace/CST-STD/migration/004_HR/postgresql/084AddWindowLoanDefinition.sql status 0
File /opt/Development/workspace/CST-STD/migration/004_HR/postgresql/085UpdateWindowLoanDefinition.sql status 0
File /opt/Development/workspace/CST-STD/migration/004_HR/postgresql/086AddReportContractHR.sql status 0
File /opt/Development/workspace/CST-STD/migration/004_HR/postgresql/086Add_Movement_Tab_postgresql.sql status 0
File /opt/Development/workspace/CST-STD/migration/004_HR/postgresql/087AddParameterProcessReport.sql status 0
File /opt/Development/workspace/CST-STD/migration/004_HR/postgresql/088AddProcessDepartmentConceptSummaryAndEmployeeConceptSummary.sql status 0
File /opt/Development/workspace/CST-STD/migration/004_HR/postgresql/089AddValidationtoReport_postgresql.sql status 0
File /opt/Development/workspace/CST-STD/migration/004_HR/postgresql/090AddCategoryConceptReference.sql status 0
File /opt/Development/workspace/CST-STD/migration/004_HR/postgresql/091AddColumnMaritalStatusInBusinessPartner.sql status 0
File /opt/Development/workspace/CST-STD/migration/004_HR/postgresql/092UpdateReportsAndViewLVE_RV_HR_Employee.sql status 0
File /opt/Development/workspace/CST-STD/migration/004_HR/postgresql/093Add_Table_DepConcept.sql status 0
File /opt/Development/workspace/CST-STD/migration/004_HR/postgresql/093UpdateMenu.sql status 0
File /opt/Development/workspace/CST-STD/migration/004_HR/postgresql/094AddParameter_postgresql.sql status 0
File /opt/Development/workspace/CST-STD/migration/004_HR/postgresql/095UpdateViewEmployeeSalaryChange.sql status 0
File /opt/Development/workspace/CST-STD/migration/004_HR/postgresql/096AddProcessReportLoanAccountStatement.sql status 0
File /opt/Development/workspace/CST-STD/migration/004_HR/postgresql/097UpdateProcessAttributeChangeInConcept.sql status 0
File /opt/Development/workspace/CST-STD/migration/004_HR/postgresql/098UpdateParameterInChangeAttributeOfConcept.sql status 0
File /opt/Development/workspace/CST-STD/migration/004_HR/postgresql/099UpdateProcessPrintHRContractAddParamterBPLocation.sql status 0
File /opt/Development/workspace/CST-STD/migration/004_HR/postgresql/099UpdateReportLRV_RV_HR_ProcessDetail.sql status 0
File /opt/Development/workspace/CST-STD/migration/004_HR/postgresql/100UpdateParametersLVE_HR_Epmloyee.sql status 0
File /opt/Development/workspace/CST-STD/migration/004_HR/postgresql/101UpdateWindowLVE_HR_ProcessReport.sql status 0
File /opt/Development/workspace/CST-STD/migration/004_HR/postgresql/102UpdateWindowLoanDefinition.sql status 0
File /opt/Development/workspace/CST-STD/migration/004_HR/postgresql/103UpdateTableLVE_HR_DependenConceptAddColumnFormatPatternColumnType.sql status 0
File /opt/Development/workspace/CST-STD/migration/004_HR/postgresql/104AddIdentifierToTableDependentConcept.sql status 0
File /opt/Development/workspace/CST-STD/migration/004_HR/postgresql/105AddParams_PayrollReport_postgresql.sql status 0
File /opt/Development/workspace/CST-STD/migration/004_HR/postgresql/106AddColumn_LoanDefinition_postgresql.sql status 0
File /opt/Development/workspace/CST-STD/migration/004_HR/postgresql/107AddRefList_LoanDef_postgresql.sql status 0
File /opt/Development/workspace/CST-STD/migration/004_HR/postgresql/108UpdateListLVEDegree.sql status 0
File /opt/Development/workspace/CST-STD/migration/004_HR/postgresql/109Add_Column_To_ProcessReport_postgresql.sql status 0
File /opt/Development/workspace/CST-STD/migration/004_HR/postgresql/110Add_Provision_postgresql.sql status 0
File /opt/Development/workspace/CST-STD/migration/004_HR/postgresql/111AddBPartner_Combination_postgresql.sql status 0
File /opt/Development/workspace/CST-STD/migration/004_HR/postgresql/112ChangesInTab_Provision_postgresql.sql status 0
File /opt/Development/workspace/CST-STD/migration/004_HR/postgresql/113AddProcessContract_Vacation_postgresql.sql status 0
File /opt/Development/workspace/CST-STD/migration/004_HR/postgresql/114AddValidFromtoEmployeeFormatImport_postgresql.sql status 0
File /opt/Development/workspace/CST-STD/migration/004_HR/postgresql/115Change_Rule_Script_postgresql.sql status 0
File /opt/Development/workspace/CST-STD/migration/004_HR/postgresql/116UpdateTranslationPayrollPaymentSelectionAndPayrollPaymentPrintExport_postgresql.sql status 0
File /opt/Development/workspace/CST-STD/migration/004_HR/postgresql/117AddTranslationProcesHR.sql status 0
File /opt/Development/workspace/CST-STD/migration/004_HR/postgresql/118ChangeColumnProvision_postgresql.sql status 0
File /opt/Development/workspace/CST-STD/migration/004_HR/postgresql/119ChangesInColumnProvision_postgresql.sql status 0
File /opt/Development/workspace/CST-STD/migration/004_HR/postgresql/120SetUpdateableColumn_postgresql.sql status 0
File /opt/Development/workspace/CST-STD/migration/004_HR/postgresql/121Change_Columns_postgresql.sql status 0
File /opt/Development/workspace/CST-STD/migration/004_HR/postgresql/122AddParamterProcesPrintHRContract.sql status 0
File /opt/Development/workspace/CST-STD/migration/004_HR/postgresql/123AddColumnType_postgresql.sql status 0
File /opt/Development/workspace/CST-STD/migration/004_HR/postgresql/124ChangeTranslation_postgresql.sql status 0
File /opt/Development/workspace/CST-STD/migration/004_HR/postgresql/125AddBPMeasureTable_postgresql.sql status 0
File /opt/Development/workspace/CST-STD/migration/004_HR/postgresql/126AddHRTables_postgresql.sql status 0
File /opt/Development/workspace/CST-STD/migration/004_HR/postgresql/127AddWindowsPathologies_postgresql.sql status 0
File /opt/Development/workspace/CST-STD/migration/004_HR/postgresql/128Change_ReportProcess_postgresql.sql status 0
File /opt/Development/workspace/CST-STD/migration/004_HR/postgresql/129DeleteParam_postgresql.sql status 0
File /opt/Development/workspace/CST-STD/migration/004_HR/postgresql/130Add_ProcessPrintFormat_postgresql.sql status 0
File /opt/Development/workspace/CST-STD/migration/004_HR/postgresql/131ChangeReportProcess_postgresql.sql status 0
File /opt/Development/workspace/CST-STD/migration/004_HR/postgresql/132ShowProvisionAlways_P_postgresql.sql status 0
File /opt/Development/workspace/CST-STD/migration/004_HR/postgresql/133AddRpt_HR_PaySelection_postgresql.sql status 0
File /opt/Development/workspace/CST-STD/migration/004_HR/postgresql/134AddValidationUOMType_postgresql.sql status 0
File /opt/Development/workspace/CST-STD/migration/004_HR/postgresql/135AddCrossProcessReport_postgresql.sql status 0
File /opt/Development/workspace/CST-STD/migration/004_HR/postgresql/136AddColumnsBPartner_postgresql.sql status 0
File /opt/Development/workspace/CST-STD/migration/004_HR/postgresql/137AddIsPayrollAccountColumn_postgresql.sql status 0
File /opt/Development/workspace/CST-STD/migration/004_HR/postgresql/138AddProcessReports_postgresql.sql status 0
File /opt/Development/workspace/CST-STD/migration/004_HR/postgresql/139AddProcess_postgresql.sql status 0
File /opt/Development/workspace/CST-STD/migration/004_HR/postgresql/140ChangeProcess_postgresql.sql status 0
File /opt/Development/workspace/CST-STD/migration/004_HR/postgresql/141AddProcessARC_postgresql.sql status 0
File /opt/Development/workspace/CST-STD/migration/004_HR/postgresql/142AddProcessReport_postgresql.sql status 0
File /opt/Development/workspace/CST-STD/migration/004_HR/postgresql/143ChangeValidation_postgresql.sql status 0
File /opt/Development/workspace/CST-STD/migration/004_HR/postgresql/144AddProcessReport_postgresql.sql status 0
File /opt/Development/workspace/CST-STD/migration/004_HR/postgresql/145AddIsUniqueForProvision_postgresql.sql status 0
File /opt/Development/workspace/CST-STD/migration/004_HR/postgresql/146AddExportClass_postgresql.sql status 0
File /opt/Development/workspace/CST-STD/migration/004_HR/postgresql/147AddIsFileExportColumn_postgresql.sql status 0
File /opt/Development/workspace/CST-STD/migration/004_HR/postgresql/148AddProcessExpirationVC_postgresql.sql status 0
File /opt/Development/workspace/CST-STD/migration/004_HR/postgresql/149AddProcessRegistrationInterns.sql status 0
File /opt/Development/workspace/CST-STD/migration/004_HR/postgresql/150UpdateProcessChangeAttributesAddParameterIsSimulation.sql status 0
File /opt/Development/workspace/CST-STD/migration/004_HR/postgresql/151AddReportCombinationProvision.sql status 0
File /opt/Development/workspace/CST-STD/migration/004_HR/postgresql/152AddFilterAccountBankInEmployee.sql status 0
File /opt/Development/workspace/CST-STD/migration/004_HR/postgresql/153AddColumnSchoolInstitutioinViewLVE_RV_HR_Employee.sql status 0
File /opt/Development/workspace/CST-STD/migration/004_HR/postgresql/154AddParam_postgresql.sql status 0
File /opt/Development/workspace/CST-STD/migration/004_HR/postgresql/155AddProcessDetailPaymentPN_postgresql.sql status 0
File /opt/Development/workspace/CST-STD/migration/004_HR/postgresql/156AddProcessDetailPayrollPN_postgresql.sql status 0
File /opt/Development/workspace/CST-STD/migration/004_HR/postgresql/157UpdateProcessReportEmployee.sql status 0
File /opt/Development/workspace/CST-STD/migration/004_HR/postgresql/158CreateColumnsProcessDetail_postgresql.sql status 0
File /opt/Development/workspace/CST-STD/migration/004_HR/postgresql/159UpdateColumn_postgresql.sql status 0
File /opt/Development/workspace/CST-STD/migration/004_HR/postgresql/160AddIDProcessDetail_postgresql.sql status 0
File /opt/Development/workspace/CST-STD/migration/004_HR/postgresql/161AddPrimaryKey_postgresql.sql status 0
File /opt/Development/workspace/CST-STD/migration/004_HR/postgresql/162ChangePRocessName_postgresql.sql status 0
File /opt/Development/workspace/CST-STD/migration/004_HR/postgresql/163ChangeValidation_postgresql.sql status 0
File /opt/Development/workspace/CST-STD/migration/004_HR/postgresql/164AddMenuCV_postgresql.sql status 0
File /opt/Development/workspace/CST-STD/migration/004_HR/postgresql/165AddDegree_postgresql.sql status 0
File /opt/Development/workspace/CST-STD/migration/004_HR/postgresql/166AddIsValidColumn_postgresql.sql status 0
File /opt/Development/workspace/CST-STD/migration/004_HR/postgresql/167AddClassName_postgresql.sql status 0
File /opt/Development/workspace/CST-STD/migration/004_HR/postgresql/168AddTableTempT_SalaryChange.sql status 0
File /opt/Development/workspace/CST-STD/migration/004_HR/postgresql/169UpdateTableT_SalaryChange.sql status 0
File /opt/Development/workspace/CST-STD/migration/004_HR/postgresql/170UpdateTableTemporalT_SalaryChange.sql status 0
File /opt/Development/workspace/CST-STD/migration/004_HR/postgresql/171UpdateC_BPartnerAddColumnBirthplace_ID.sql status 0
File /opt/Development/workspace/CST-STD/migration/004_HR/postgresql/172UpdatereportEmployeeDetailAddParamterMontlySalary.sql status 0
File /opt/Development/workspace/CST-STD/migration/004_HR/postgresql/173AddWindowsDegreeInstruction.sql status 0
File /opt/Development/workspace/CST-STD/migration/004_HR/postgresql/174UpdateWindowDegreeInstruction.sql status 0
File /opt/Development/workspace/CST-STD/migration/004_HR/postgresql/175UpdateWindowDegreeInstruction.sql status 0
File /opt/Development/workspace/CST-STD/migration/004_HR/postgresql/176UpdateWindowDegreeInstruction.sql status 0
File /opt/Development/workspace/CST-STD/migration/004_HR/postgresql/177UpdateChargeinHR_Attribute.sql status 0
File /opt/Development/workspace/CST-STD/migration/004_HR/postgresql/178AddViewLVE_RV_T_SalaryChangeAndReport.sql status 0
File /opt/Development/workspace/CST-STD/migration/004_HR/postgresql/179UpdateTableAndViewSalaryChange.sql status 0
File /opt/Development/workspace/CST-STD/migration/004_HR/postgresql/180UpdateReportAndProcessSalaryChange.sql status 0
File /opt/Development/workspace/CST-STD/migration/004_HR/postgresql/181AddPrintFormatSalaryChange.sql status 0
File /opt/Development/workspace/CST-STD/migration/004_HR/postgresql/182AddWindowPaymentPayrollGenerated.sql status 0
File /opt/Development/workspace/CST-STD/migration/004_HR/postgresql/183AddZoomAccrosHR_PaySelectionToC_Payment.sql status 0
File /opt/Development/workspace/CST-STD/migration/004_HR/postgresql/184UpdateZoomAccross.sql status 0
File /opt/Development/workspace/CST-STD/migration/004_HR/postgresql/185UpdateZoomAccross.sql status 0
File /opt/Development/workspace/CST-STD/migration/004_HR/postgresql/186UpdateTableandViewT_SalaryChange.sql status 0
File /opt/Development/workspace/CST-STD/migration/004_HR/postgresql/187AddProcessReceiptLoan_postgresql.sql status 0
File /opt/Development/workspace/CST-STD/migration/004_HR/postgresql/188UpdateReferenceToPaymentHR.sql status 0
File /opt/Development/workspace/CST-STD/migration/004_HR/postgresql/189UpdateColumnFromAndTo_ToRelationInstruction.sql status 0
File /opt/Development/workspace/CST-STD/migration/004_HR/postgresql/190AddColumnForSpecialPayment.sql status 0
File /opt/Development/workspace/CST-STD/migration/004_HR/postgresql/191UpdateColumnLoan_I_SP_Concept.sql status 0
File /opt/Development/workspace/CST-STD/migration/004_HR/postgresql/192AddColumnInterest_ND_Concept_ID.sql status 0
File /opt/Development/workspace/CST-STD/migration/004_HR/postgresql/193AddColumns_Interest_postgresql.sql status 0
File /opt/Development/workspace/CST-STD/migration/004_HR/postgresql/194AddPreviousBalanceColumn_postgresql.sql status 0
File /opt/Development/workspace/CST-STD/migration/004_HR/postgresql/195AddLoan_postgresql.sql status 0
File /opt/Development/workspace/CST-STD/migration/004_HR/postgresql/196AddLoanMenu_postgresql.sql status 0
File /opt/Development/workspace/CST-STD/migration/004_HR/postgresql/197AddRefListLoan_postgresql.sql status 0
File /opt/Development/workspace/CST-STD/migration/004_HR/postgresql/198ChangeColumn_postgresql.sql status 0
File /opt/Development/workspace/CST-STD/migration/004_HR/postgresql/199AddIsApproved_postgresql.sql status 0
File /opt/Development/workspace/CST-STD/migration/004_HR/postgresql/200Add_Workflow_postgresql.sql status 0
File /opt/Development/workspace/CST-STD/migration/004_HR/postgresql/201AddPaymentRule_postgresql.sql status 0
File /opt/Development/workspace/CST-STD/migration/004_HR/postgresql/202Add_Balance_postgresql.sql status 0
File /opt/Development/workspace/CST-STD/migration/004_HR/postgresql/203DeleteColumnPaymentTerm_postgresql.sql status 0
File /opt/Development/workspace/CST-STD/migration/004_HR/postgresql/204AddHRProcessCreate_postgresql.sql status 0
File /opt/Development/workspace/CST-STD/migration/004_HR/postgresql/205UpdateTable_T_SalaryChange_postgresql.sql status 0
File /opt/Development/workspace/CST-STD/migration/004_HR/postgresql/800AlterTable_postgresql.sql status 0
File /opt/Development/workspace/CST-STD/migration/004_HR/postgresql/800C_PAYSELECTION_CHECK_V.sql status 0
File /opt/Development/workspace/CST-STD/migration/004_HR/postgresql/801C_PAYSELECTION_CHECK_VT.sql status 0
File /opt/Development/workspace/CST-STD/migration/004_HR/postgresql/802AddViewRV_HR_PaymentReceipt.sql status 0
File /opt/Development/workspace/CST-STD/migration/004_HR/postgresql/806Add_Function_Get_DepConcept.sql status 0
File /opt/Development/workspace/CST-STD/migration/004_HR/postgresql/850AddViewLVE_RV_HR_EmployeeDetail.sql status 0
File /opt/Development/workspace/CST-STD/migration/004_HR/postgresql/851AddViewLVE_RV_HR_Employee.sql status 0
File /opt/Development/workspace/CST-STD/migration/004_HR/postgresql/853AddViewLVE_RV_HR_EmployeeAccount.sql status 0
File /opt/Development/workspace/CST-STD/migration/004_HR/postgresql/854AddViewLVE_RV_HR_EmployeeSalaryChange.sql status 0
File /opt/Development/workspace/CST-STD/migration/004_HR/postgresql/855AddViewLVE_RV_HR_PayrollDetail.sql status 0
File /opt/Development/workspace/CST-STD/migration/004_HR/postgresql/857AddViewLVR_RV_HR_EmployeeLoadingFamily.sql status 0
File /opt/Development/workspace/CST-STD/migration/004_HR/postgresql/858AddViewLVE_RV_HR_ProcessDetail.sql status 0
File /opt/Development/workspace/CST-STD/migration/004_HR/postgresql/859AddViewLVE_RV_HR_EmployeeLocalizations.sql status 0
File /opt/Development/workspace/CST-STD/migration/004_HR/postgresql/860AddViewLVE_RV_HR_PaySelectionLine.sql status 0
File /opt/Development/workspace/CST-STD/migration/004_HR/postgresql/861AddParameterContract_postgresql.sql status 0
File /opt/Development/workspace/CST-STD/migration/004_HR/postgresql/862AddViewLVE_RV_T_SalaryChange.sql status 0
File /opt/Development/workspace/CST-STD/migration/004_HR/postgresql/863AddViewLVE_RV_HR_BatchProcess.sql status 0
File /opt/Development/workspace/CST-STD/migration/004_HR/postgresql/998AddForeignKeys.sql status 0
File /opt/Development/workspace/CST-STD/migration/004_HR/postgresql/999AddUniqueKeys.sql status 0
