#Build log:

File /opt/Development/workspace/CST-STD/migration/002_WH/postgresql/000AddEntityType_Spin_Contribution.sql status 0
File /opt/Development/workspace/CST-STD/migration/002_WH/postgresql/001AddElement_Withholding.sql status 0
File /opt/Development/workspace/CST-STD/migration/002_WH/postgresql/002AddTableWithholdingType.sql status 0
File /opt/Development/workspace/CST-STD/migration/002_WH/postgresql/003AddTableWithholding.sql status 0
File /opt/Development/workspace/CST-STD/migration/002_WH/postgresql/004AddTableWithholdingRelation.sql status 0
File /opt/Development/workspace/CST-STD/migration/002_WH/postgresql/005AddTableWithholdingConcept.sql status 0
File /opt/Development/workspace/CST-STD/migration/002_WH/postgresql/006AddTableWHConbination.sql status 0
File /opt/Development/workspace/CST-STD/migration/002_WH/postgresql/007AddTablePersonType.sql status 0
File /opt/Development/workspace/CST-STD/migration/002_WH/postgresql/008AddTableWCProductCharge.sql status 0
File /opt/Development/workspace/CST-STD/migration/002_WH/postgresql/009AddTableWithholdingConfig.sql status 0
File /opt/Development/workspace/CST-STD/migration/002_WH/postgresql/010AddTableTaxUnit.sql status 0
File /opt/Development/workspace/CST-STD/migration/002_WH/postgresql/011AddColumnLVE_WithholdingConceptInTableC_Invoice.sql status 0
File /opt/Development/workspace/CST-STD/migration/002_WH/postgresql/012AddColumnInTableC_InvoiceLineandElementDocAffected.sql status 0
File /opt/Development/workspace/CST-STD/migration/002_WH/postgresql/013AddWindowWithholdingType.sql status 0
File /opt/Development/workspace/CST-STD/migration/002_WH/postgresql/014AddWindowTaxUnit.sql status 0
File /opt/Development/workspace/CST-STD/migration/002_WH/postgresql/015AddWindowPersonType.sql status 0
File /opt/Development/workspace/CST-STD/migration/002_WH/postgresql/016AddWindowWithholding.sql status 0
File /opt/Development/workspace/CST-STD/migration/002_WH/postgresql/017AddWindowWithholdingConcept.sql status 0
File /opt/Development/workspace/CST-STD/migration/002_WH/postgresql/018UpdateWindowInvoiceLine.sql status 0
File /opt/Development/workspace/CST-STD/migration/002_WH/postgresql/019AddTabWCProductCharge.sql status 0
File /opt/Development/workspace/CST-STD/migration/002_WH/postgresql/020AddWindowWHConbination.sql status 0
File /opt/Development/workspace/CST-STD/migration/002_WH/postgresql/021AddTabWithholdingRelation.sql status 0
File /opt/Development/workspace/CST-STD/migration/002_WH/postgresql/022UpdateWindowInvoice.sql status 0
File /opt/Development/workspace/CST-STD/migration/002_WH/postgresql/023AddMenuWithholding.sql status 0
File /opt/Development/workspace/CST-STD/migration/002_WH/postgresql/024UpdateWindows.sql status 0
File /opt/Development/workspace/CST-STD/migration/002_WH/postgresql/025UpdateWindowsandMenu.sql status 0
File /opt/Development/workspace/CST-STD/migration/002_WH/postgresql/026UpdateWindowsandElement.sql status 0
File /opt/Development/workspace/CST-STD/migration/002_WH/postgresql/027AddReferencesinTables.sql status 0
File /opt/Development/workspace/CST-STD/migration/002_WH/postgresql/028AddTabWithholdingRelationIntoBusinessPartner.sql status 0
File /opt/Development/workspace/CST-STD/migration/002_WH/postgresql/029AddTabWithholdingRelationIntoBusinessPartnerGroup.sql status 0
File /opt/Development/workspace/CST-STD/migration/002_WH/postgresql/030UpdateColumns.sql status 0
File /opt/Development/workspace/CST-STD/migration/002_WH/postgresql/031Add_Columns_And_Translation_postgresql.sql status 0
File /opt/Development/workspace/CST-STD/migration/002_WH/postgresql/032Add_Description_In_TaxUnit_postgresql.sql status 0
File /opt/Development/workspace/CST-STD/migration/002_WH/postgresql/033Change_Column_Windows_Name_postgresql.sql status 0
File /opt/Development/workspace/CST-STD/migration/002_WH/postgresql/034AddProcessLVE_TaxUnitCopyFrom.sql status 0
File /opt/Development/workspace/CST-STD/migration/002_WH/postgresql/035AddProcessLVE_WH_ConbinationGenerateConfig.sql status 0
File /opt/Development/workspace/CST-STD/migration/002_WH/postgresql/036AddProcessLVE_WithholdingGenerateWithholding.sql status 0
File /opt/Development/workspace/CST-STD/migration/002_WH/postgresql/036Fixed_Relation_Error_postgresql.sql status 0
File /opt/Development/workspace/CST-STD/migration/002_WH/postgresql/037UpdateProcessLVE_WithholdingGenerateWithholding.sql status 0
File /opt/Development/workspace/CST-STD/migration/002_WH/postgresql/038ClassNameUpdateProcess.sql status 0
File /opt/Development/workspace/CST-STD/migration/002_WH/postgresql/039ChangeClassNameProcess_postgresql.sql status 0
File /opt/Development/workspace/CST-STD/migration/002_WH/postgresql/043AddViewLVEWithholding.sql status 0
File /opt/Development/workspace/CST-STD/migration/002_WH/postgresql/044AddWithholdingISLRandWithholdingIVA.sql status 0
File /opt/Development/workspace/CST-STD/migration/002_WH/postgresql/045AddPrintFormatReceiptWithholdingISLR.sql status 0
File /opt/Development/workspace/CST-STD/migration/002_WH/postgresql/046ChangeSpelling_postgresql.sql status 0
File /opt/Development/workspace/CST-STD/migration/002_WH/postgresql/047AddPrintFormatReceiptWithholdingI.V.A.sql status 0
File /opt/Development/workspace/CST-STD/migration/002_WH/postgresql/048AddColumnDocTypeDeclare.sql status 0
File /opt/Development/workspace/CST-STD/migration/002_WH/postgresql/049AddLVE_RV_Decaration.sql status 0
File /opt/Development/workspace/CST-STD/migration/002_WH/postgresql/050AddViewReportDeclaration.sql status 0
File /opt/Development/workspace/CST-STD/migration/002_WH/postgresql/051AddProcessDeclareWithholding.sql status 0
File /opt/Development/workspace/CST-STD/migration/002_WH/postgresql/052AddMenuReportWithholdingDeclare.sql status 0
File /opt/Development/workspace/CST-STD/migration/002_WH/postgresql/053AddReportIncomeTaxWithholding_XML.sql status 0
File /opt/Development/workspace/CST-STD/migration/002_WH/postgresql/054AddReportVATWithholding_TXT.sql status 0
File /opt/Development/workspace/CST-STD/migration/002_WH/postgresql/055AddReferenceInvoiceWithholding.sql status 0
File /opt/Development/workspace/CST-STD/migration/002_WH/postgresql/056Add_CopyBPGroupProcess_postgresql.sql status 0
File /opt/Development/workspace/CST-STD/migration/002_WH/postgresql/057AddColumnValueTableTypePerson.sql status 0
File /opt/Development/workspace/CST-STD/migration/002_WH/postgresql/058AddReportARCV.sql status 0
File /opt/Development/workspace/CST-STD/migration/002_WH/postgresql/059AddTabWithholdingConfigintoTaxUnit.sql status 0
File /opt/Development/workspace/CST-STD/migration/002_WH/postgresql/060UpdateElementReferencesDocType.sql status 0
File /opt/Development/workspace/CST-STD/migration/002_WH/postgresql/061Change_TableName_postgresql.sql status 0
File /opt/Development/workspace/CST-STD/migration/002_WH/postgresql/062UpdateReferences.sql status 0
File /opt/Development/workspace/CST-STD/migration/002_WH/postgresql/063AddTableWH_ConceptGroup.sql status 0
File /opt/Development/workspace/CST-STD/migration/002_WH/postgresql/063_001Add_Browse_WH_Declaration.sql status 0
File /opt/Development/workspace/CST-STD/migration/002_WH/postgresql/063_002Add_Browse_WH_Declaration.sql status 0
File /opt/Development/workspace/CST-STD/migration/002_WH/postgresql/063_003Add_Browse_WH_Declaration.sql status 0
File /opt/Development/workspace/CST-STD/migration/002_WH/postgresql/064AddWindowWithholdingandConceptGroup.sql status 0
File /opt/Development/workspace/CST-STD/migration/002_WH/postgresql/065UpdateWithholdingConcept.sql status 0
File /opt/Development/workspace/CST-STD/migration/002_WH/postgresql/066AddMenuWindowWithholding.sql status 0
File /opt/Development/workspace/CST-STD/migration/002_WH/postgresql/067AddColumnWithholdingConceptGroup.sql status 0
File /opt/Development/workspace/CST-STD/migration/002_WH/postgresql/068UpdateWindowConceptGroup.sql status 0
File /opt/Development/workspace/CST-STD/migration/002_WH/postgresql/069AddColumnLVE_Withholding.sql status 0
File /opt/Development/workspace/CST-STD/migration/002_WH/postgresql/070AddValRule.sql status 0
File /opt/Development/workspace/CST-STD/migration/002_WH/postgresql/071UpdateValRule.sql status 0
File /opt/Development/workspace/CST-STD/migration/002_WH/postgresql/072Change_DefaultLogic_Column_postgresql.sql status 0
File /opt/Development/workspace/CST-STD/migration/002_WH/postgresql/073Fixed_Columns_And_Field_Sequence_postgresql.sql status 0
File /opt/Development/workspace/CST-STD/migration/002_WH/postgresql/074Add_Column_Beneficiary_ID_postgresql.sql status 0
File /opt/Development/workspace/CST-STD/migration/002_WH/postgresql/075Change_Menu_postgresql.sql status 0
File /opt/Development/workspace/CST-STD/migration/002_WH/postgresql/076Add_Sequence_Tab_Withholding_postgresql.sql status 0
File /opt/Development/workspace/CST-STD/migration/002_WH/postgresql/077Add_Processing_Column_To_Withholding_postgresql.sql status 0
File /opt/Development/workspace/CST-STD/migration/002_WH/postgresql/078Change_Process_Combination_postgresql.sql status 0
File /opt/Development/workspace/CST-STD/migration/002_WH/postgresql/080UpdateTableLVEWithholding.sql status 0
File /opt/Development/workspace/CST-STD/migration/002_WH/postgresql/081UpdateTranslateDocumentType.sql status 0
File /opt/Development/workspace/CST-STD/migration/002_WH/postgresql/082UpdateElementReportDeclaration.sql status 0
File /opt/Development/workspace/CST-STD/migration/002_WH/postgresql/083UpdateTranslationWindowAndElementGroupConcep.sql status 0
File /opt/Development/workspace/CST-STD/migration/002_WH/postgresql/084Change_Display_Logic_Invoice_postgresql.sql status 0
File /opt/Development/workspace/CST-STD/migration/002_WH/postgresql/085Changes_In_WH_Config_And_WH_Combination.sql status 0
File /opt/Development/workspace/CST-STD/migration/002_WH/postgresql/086AddNewFields_In_WH_Combination_And_Config.sql status 0
File /opt/Development/workspace/CST-STD/migration/002_WH/postgresql/087Change_Updateable_Fields_WH_Config_And_Combination.sql status 0
File /opt/Development/workspace/CST-STD/migration/002_WH/postgresql/088AddTaxBaseRate_In_WH_Combination.sql status 0
File /opt/Development/workspace/CST-STD/migration/002_WH/postgresql/088UpdateTranslationElement.sql status 0
File /opt/Development/workspace/CST-STD/migration/002_WH/postgresql/089UpdateDataForSystem.sql status 0
File /opt/Development/workspace/CST-STD/migration/002_WH/postgresql/092DefaultValue_BaseTaxRate_postgresql.sql status 0
File /opt/Development/workspace/CST-STD/migration/002_WH/postgresql/093_Add_Rule_Table_And_Report_View.sql status 0
File /opt/Development/workspace/CST-STD/migration/002_WH/postgresql/094_Add_WH_Invoice_Pending_Views.sql status 0
File /opt/Development/workspace/CST-STD/migration/002_WH/postgresql/095Change_Column_postgresql.sql status 0
File /opt/Development/workspace/CST-STD/migration/002_WH/postgresql/096Add_Field_To_WH_Views.sql status 0
File /opt/Development/workspace/CST-STD/migration/002_WH/postgresql/098Change_Column_Withholding_postgresql.sql status 0
File /opt/Development/workspace/CST-STD/migration/002_WH/postgresql/099UpdateElementsLVE_RV_Withholding.sql status 0
File /opt/Development/workspace/CST-STD/migration/002_WH/postgresql/100AddElementAndColumn_NationalityAndAuthorizedOfficer.sql status 0
File /opt/Development/workspace/CST-STD/migration/002_WH/postgresql/101UpdateColumn_NationalityAndAuthorizedOfficer.sql status 0
File /opt/Development/workspace/CST-STD/migration/002_WH/postgresql/102AddViewLVE_RV_WH_CombinationConfigIntoADempiere.sql status 0
File /opt/Development/workspace/CST-STD/migration/002_WH/postgresql/103AddReportView_Report_Menu_WithholdingList.sql status 0
File /opt/Development/workspace/CST-STD/migration/002_WH/postgresql/104AddReferenceLVE_WH_Combination_CombinationNameAndUpdate.sql status 0
File /opt/Development/workspace/CST-STD/migration/002_WH/postgresql/105AddReportWithholdingList.sql status 0
File /opt/Development/workspace/CST-STD/migration/002_WH/postgresql/106AddMessagesforWithholding.sql status 0
File /opt/Development/workspace/CST-STD/migration/002_WH/postgresql/109UpdatePrintFormat.sql status 0
File /opt/Development/workspace/CST-STD/migration/002_WH/postgresql/115AddProcessCopyGroupConcept.sql status 0
File /opt/Development/workspace/CST-STD/migration/002_WH/postgresql/116AddViewIntoAdempiereForTaxMunicipal.sql status 0
File /opt/Development/workspace/CST-STD/migration/002_WH/postgresql/117AddColumnReferenceNo.sql status 0
File /opt/Development/workspace/CST-STD/migration/002_WH/postgresql/118Change_ProcessName_postgresql.sql status 0
File /opt/Development/workspace/CST-STD/migration/002_WH/postgresql/120UpdateViewC_Invoice_Header_v.sql status 0
File /opt/Development/workspace/CST-STD/migration/002_WH/postgresql/121UpdaTabWithholdingRelationIntoBusinessPartner.sql status 0
File /opt/Development/workspace/CST-STD/migration/002_WH/postgresql/122AddColumnIntoReportReceiptWithholding.sql status 0
File /opt/Development/workspace/CST-STD/migration/002_WH/postgresql/123AddColumnAffectsBookIntoC_DocType.sql status 0
File /opt/Development/workspace/CST-STD/migration/002_WH/postgresql/124AddViewLVE_RV_BooksAndLVE_CashBookJournal.sql status 0
File /opt/Development/workspace/CST-STD/migration/002_WH/postgresql/125AddProcesBooksSales.sql status 0
File /opt/Development/workspace/CST-STD/migration/002_WH/postgresql/126UpdateViewLVE_RV_BooksAddlackColumns.sql status 0
File /opt/Development/workspace/CST-STD/migration/002_WH/postgresql/127AddReportBooksSales.sql status 0
File /opt/Development/workspace/CST-STD/migration/002_WH/postgresql/127UpdateReportBooksSales.sql status 0
File /opt/Development/workspace/CST-STD/migration/002_WH/postgresql/128AddValidationC_InvoiceofC_BPartnerAndNotWithholdingApplied.sql status 0
File /opt/Development/workspace/CST-STD/migration/002_WH/postgresql/129AddProcesBooksPurchases.sql status 0
File /opt/Development/workspace/CST-STD/migration/002_WH/postgresql/130AddReportBookPurchases.sql status 0
File /opt/Development/workspace/CST-STD/migration/002_WH/postgresql/131UpdateTransaltionReport.sql status 0
File /opt/Development/workspace/CST-STD/migration/002_WH/postgresql/132UpdateReportBooksPurchase.sql status 0
File /opt/Development/workspace/CST-STD/migration/002_WH/postgresql/133UpdateReportWithholding.sql status 0
File /opt/Development/workspace/CST-STD/migration/002_WH/postgresql/134UpdateReportWithholding.sql status 0
File /opt/Development/workspace/CST-STD/migration/002_WH/postgresql/137UpdateViewReportLVE_RV_Books.sql status 0
File /opt/Development/workspace/CST-STD/migration/002_WH/postgresql/138AddColumnsYearAndMonth.sql status 0
File /opt/Development/workspace/CST-STD/migration/002_WH/postgresql/139AddColumnExemptIntoViewLVE_RV_Withholding.sql status 0
File /opt/Development/workspace/CST-STD/migration/002_WH/postgresql/140AddColumnYearAndMonthIntoTableC_Invoice_Header_v.sql status 0
File /opt/Development/workspace/CST-STD/migration/002_WH/postgresql/141UpdateColumnYearAndMonth.sql status 0
File /opt/Development/workspace/CST-STD/migration/002_WH/postgresql/142UpdateReportWithholdingIVA.sql status 0
File /opt/Development/workspace/CST-STD/migration/002_WH/postgresql/143UpdateReportWithholdingIVA.sql status 0
File /opt/Development/workspace/CST-STD/migration/002_WH/postgresql/144AddReportISLR.sql status 0
File /opt/Development/workspace/CST-STD/migration/002_WH/postgresql/145UpdateReportWithholdingISLR.sql status 0
File /opt/Development/workspace/CST-STD/migration/002_WH/postgresql/146AddMessageExcededOpenInvoiceAmt.sql status 0
File /opt/Development/workspace/CST-STD/migration/002_WH/postgresql/148UpdateColumnDocAffectsBooks.sql status 0
File /opt/Development/workspace/CST-STD/migration/002_WH/postgresql/149Change_Validation_postgresql.sql status 0
File /opt/Development/workspace/CST-STD/migration/002_WH/postgresql/152UpdateViewLVE_RV_Withholding.sql status 0
File /opt/Development/workspace/CST-STD/migration/002_WH/postgresql/153AddParmeterAD_Org_IDIntoProcessGenerateWithholding.sql status 0
File /opt/Development/workspace/CST-STD/migration/002_WH/postgresql/154AddValidationforvalidationinvoiceddeclarated.sql status 0
File /opt/Development/workspace/CST-STD/migration/002_WH/postgresql/155AddColumnAffectedBooksandDocAffected_IDIntoTableInovice.sql status 0
File /opt/Development/workspace/CST-STD/migration/002_WH/postgresql/156AddColumnsEditControlNoandEditSequenceIntoTableC_DocType.sql status 0
File /opt/Development/workspace/CST-STD/migration/002_WH/postgresql/157UpdateColumnsEditControlNoandEditSequenceIntoTableC_DocType.sql status 0
File /opt/Development/workspace/CST-STD/migration/002_WH/postgresql/158UpdateProcessWittholdingGeneratedaddOrgTrx.sql status 0
File /opt/Development/workspace/CST-STD/migration/002_WH/postgresql/159AddColumnIsManualInTableDocTypeandInvoice.sql status 0
File /opt/Development/workspace/CST-STD/migration/002_WH/postgresql/161UpdateTranslationUserDocSequence.sql status 0
File /opt/Development/workspace/CST-STD/migration/002_WH/postgresql/162UpdateWindowLVE_WH_Relation.sql status 0
File /opt/Development/workspace/CST-STD/migration/002_WH/postgresql/163AddReportProductChargeConfigList.sql status 0
File /opt/Development/workspace/CST-STD/migration/002_WH/postgresql/165UpdateTranslation.sql status 0
File /opt/Development/workspace/CST-STD/migration/002_WH/postgresql/166UpdateTranslation.sql status 0
File /opt/Development/workspace/CST-STD/migration/002_WH/postgresql/167UpdateLogicVisualization.sql status 0
File /opt/Development/workspace/CST-STD/migration/002_WH/postgresql/168UpdateBusinessPartnerGenerateWithholding.sql status 0
File /opt/Development/workspace/CST-STD/migration/002_WH/postgresql/169UpdateViewLVE_RV_Boooks.sql status 0
File /opt/Development/workspace/CST-STD/migration/002_WH/postgresql/170UpdateWindowCashJournal.sql status 0
File /opt/Development/workspace/CST-STD/migration/002_WH/postgresql/171UpdateColumnsDocAffected_IDAndLVE_WH_Config_ID.sql status 0
File /opt/Development/workspace/CST-STD/migration/002_WH/postgresql/800AddTables_To_SGDB_postgresql.sql status 0
File /opt/Development/workspace/CST-STD/migration/002_WH/postgresql/801Add_Columns_To_Default_Tables_postgresql.sql status 0
File /opt/Development/workspace/CST-STD/migration/002_WH/postgresql/802Withholding_ForeignKeys.sql status 0
File /opt/Development/workspace/CST-STD/migration/002_WH/postgresql/803AddUniqueKeys.sql status 0
File /opt/Development/workspace/CST-STD/migration/002_WH/postgresql/804AddFunctionsWithholding.sql status 0
File /opt/Development/workspace/CST-STD/migration/002_WH/postgresql/851AddLVE_RV_Withholding.sql status 0
File /opt/Development/workspace/CST-STD/migration/002_WH/postgresql/852AddLVE_RV_Declaration.sql status 0
File /opt/Development/workspace/CST-STD/migration/002_WH/postgresql/853AddLVE_RV_WH_UnDeclared.sql status 0
File /opt/Development/workspace/CST-STD/migration/002_WH/postgresql/854_AddViewLVE_RV_WH_ISLR.sql status 0
File /opt/Development/workspace/CST-STD/migration/002_WH/postgresql/855AddViewLVE_RV_WH_List.sql status 0
File /opt/Development/workspace/CST-STD/migration/002_WH/postgresql/856_AddView_WH_IM.sql status 0
File /opt/Development/workspace/CST-STD/migration/002_WH/postgresql/859AddViewLVE_RV_Books.sql status 0
File /opt/Development/workspace/CST-STD/migration/002_WH/postgresql/860AddWindowLVE_RV_WH_ProductCharge_List.sql status 0
File /opt/Development/workspace/CST-STD/migration/002_WH/postgresql/899UpdateWithholdingMunicipalTax.sql status 0
