#Build log:

File /opt/Development/workspace/CST-STD/migration/003_FI/postgresql/0000Add_EntityType_SFAndroid_And_EntityType_Spin_postgresql.sql status 0
File /opt/Development/workspace/CST-STD/migration/003_FI/postgresql/0001Add_Table_ADempiere_postgresql.sql status 0
File /opt/Development/workspace/CST-STD/migration/003_FI/postgresql/0002Add_Tab_to_PO_postgresql.sql status 0
File /opt/Development/workspace/CST-STD/migration/003_FI/postgresql/0003Add_ModelValidator_postgresql.sql status 0
File /opt/Development/workspace/CST-STD/migration/003_FI/postgresql/0004Add_Column_IsPayScheduleValid_to_C_Order_postgresql.sql status 0
File /opt/Development/workspace/CST-STD/migration/003_FI/postgresql/0005Set_Default_Value_IsActive_postgresql.sql status 0
File /opt/Development/workspace/CST-STD/migration/003_FI/postgresql/0006UpdateProjectOrderPrepay.sql status 0
File /opt/Development/workspace/CST-STD/migration/003_FI/postgresql/0007UpdateColumnIsPayScheduleValidSetDefaultFalse.sql status 0
File /opt/Development/workspace/CST-STD/migration/003_FI/postgresql/0008AddColumnIsBasedGranTotalInTableC_PaymentTerm.sql status 0
File /opt/Development/workspace/CST-STD/migration/003_FI/postgresql/0009UpdateElementIsBasedGrandTotalforIsLineAmtBased.sql status 0
File /opt/Development/workspace/CST-STD/migration/003_FI/postgresql/001_Add_Process_Transfer_postgresql.sql status 0
File /opt/Development/workspace/CST-STD/migration/003_FI/postgresql/002_Change_Position_Field_postgresql.sql status 0
File /opt/Development/workspace/CST-STD/migration/003_FI/postgresql/003_Add_Tab_Confirmation.sql status 0
File /opt/Development/workspace/CST-STD/migration/003_FI/postgresql/004_Add_ConfirmCheckBrowse.sql status 0
File /opt/Development/workspace/CST-STD/migration/003_FI/postgresql/005_Add_DaysDueCheck_in_C_Bank_postgresql.sql status 0
File /opt/Development/workspace/CST-STD/migration/003_FI/postgresql/006_Add_Batch_Pre_Payment_And_Change_CheckConfirmationWhereClause.sql status 0
File /opt/Development/workspace/CST-STD/migration/003_FI/postgresql/007_Add_SysConfig_PayPrint_postgresql.sql status 0
File /opt/Development/workspace/CST-STD/migration/003_FI/postgresql/008Add_Table_Conciliation_ConciliationLine_And_ViewConciliation.sql status 0
File /opt/Development/workspace/CST-STD/migration/003_FI/postgresql/009Add_ReportViewConciliation.sql status 0
File /opt/Development/workspace/CST-STD/migration/003_FI/postgresql/010Add_ProcessConciliation.sql status 0
File /opt/Development/workspace/CST-STD/migration/003_FI/postgresql/011AddReportConciliation.sql status 0
File /opt/Development/workspace/CST-STD/migration/003_FI/postgresql/012AddColumnVirtualT_Conciliation.sql status 0
File /opt/Development/workspace/CST-STD/migration/003_FI/postgresql/013UpdateReportConciliation.sql status 0
File /opt/Development/workspace/CST-STD/migration/003_FI/postgresql/014UpdateReportConciliation.sql status 0
File /opt/Development/workspace/CST-STD/migration/003_FI/postgresql/015d_Create_Table_And_View_Reconciliation.sql status 0
File /opt/Development/workspace/CST-STD/migration/003_FI/postgresql/016UpdateReportConciliation.sql status 0
File /opt/Development/workspace/CST-STD/migration/003_FI/postgresql/017UpdateReportConciliation.sql status 0
File /opt/Development/workspace/CST-STD/migration/003_FI/postgresql/018AddColumnIsReconcilingItems.sql status 0
File /opt/Development/workspace/CST-STD/migration/003_FI/postgresql/019AddProcessChangeBPartner.sql status 0
File /opt/Development/workspace/CST-STD/migration/003_FI/postgresql/020AlterTable_C_BPartnerAddColumnIsReconcilingItems.sql status 0
File /opt/Development/workspace/CST-STD/migration/003_FI/postgresql/021AddTableAndViewOFT_LVE_AccountStatementAndT_LVE_AccountStatementHeader.sql status 0
File /opt/Development/workspace/CST-STD/migration/003_FI/postgresql/022AddProcessAccountStatement.sql status 0
File /opt/Development/workspace/CST-STD/migration/003_FI/postgresql/023AddReportAccountStatement.sql status 0
File /opt/Development/workspace/CST-STD/migration/003_FI/postgresql/024UpdateReportAccountStatement.sql status 0
File /opt/Development/workspace/CST-STD/migration/003_FI/postgresql/025UpdateReportAccountStatement.sql status 0
File /opt/Development/workspace/CST-STD/migration/003_FI/postgresql/026UpdateReportAccountStatement.sql status 0
File /opt/Development/workspace/CST-STD/migration/003_FI/postgresql/027AddBusinessPartnerAndSalesRepToCash_postgresql.sql status 0
File /opt/Development/workspace/CST-STD/migration/003_FI/postgresql/028SortFieldsToCashWindows_postgresql.sql status 0
File /opt/Development/workspace/CST-STD/migration/003_FI/postgresql/029UpdateColumnC_PaymentProcessIntoTableC_PaymentBatch.sql status 0
File /opt/Development/workspace/CST-STD/migration/003_FI/postgresql/030ChangeClassName_postgresql.sql status 0
File /opt/Development/workspace/CST-STD/migration/003_FI/postgresql/031AddTableLVE_PaymentRequest_postgresql.sql status 0
File /opt/Development/workspace/CST-STD/migration/003_FI/postgresql/032AddWindowPaymentRequest_postgresql.sql status 0
File /opt/Development/workspace/CST-STD/migration/003_FI/postgresql/033AddMenuPaymentRequest_postgresql.sql status 0
File /opt/Development/workspace/CST-STD/migration/003_FI/postgresql/034AddColumnPaySelectionLine_postgresql.sql status 0
File /opt/Development/workspace/CST-STD/migration/003_FI/postgresql/035UpgradeTablePaymentRequest_postgresql.sql status 0
File /opt/Development/workspace/CST-STD/migration/003_FI/postgresql/036UpgradeElementPamentRequestID_postgresql.sql status 0
File /opt/Development/workspace/CST-STD/migration/003_FI/postgresql/037AddColumnDoctype_postgresql.sql status 0
File /opt/Development/workspace/CST-STD/migration/003_FI/postgresql/038OrderFieldOfPaymentRequest_postgresql.sql status 0
File /opt/Development/workspace/CST-STD/migration/003_FI/postgresql/039AddFieldDoctype_postgresql.sql status 0
File /opt/Development/workspace/CST-STD/migration/003_FI/postgresql/040OrderFieldOfPaymentSelectionLine_postgresql.sql status 0
File /opt/Development/workspace/CST-STD/migration/003_FI/postgresql/041UpgradeTablePaySelection_postgresql.sql status 0
File /opt/Development/workspace/CST-STD/migration/003_FI/postgresql/042AddValidationListDocSubTypeSO_postgresql.sql status 0
File /opt/Development/workspace/CST-STD/migration/003_FI/postgresql/043AddReferenceTypePaymentRequest_postgresql.sql status 0
File /opt/Development/workspace/CST-STD/migration/003_FI/postgresql/044AddColumnRequestType_postgresql.sql status 0
File /opt/Development/workspace/CST-STD/migration/003_FI/postgresql/045UpgradeRequestType_postgresql.sql status 0
File /opt/Development/workspace/CST-STD/migration/003_FI/postgresql/046AddRequestTypeToWindow_postgresql.sql status 0
File /opt/Development/workspace/CST-STD/migration/003_FI/postgresql/047AddLogicVisualizationGLJ_postgresql.sql status 0
File /opt/Development/workspace/CST-STD/migration/003_FI/postgresql/048AddTablePaymentRequestLine_postgresql.sql status 0
File /opt/Development/workspace/CST-STD/migration/003_FI/postgresql/049AddTabPaymentRequestLine_postgresql.sql status 0
File /opt/Development/workspace/CST-STD/migration/003_FI/postgresql/050AddValidationRequestLine_postgresql.sql status 0
File /opt/Development/workspace/CST-STD/migration/003_FI/postgresql/051UpgradeColumnRequestType_postgresql.sql status 0
File /opt/Development/workspace/CST-STD/migration/003_FI/postgresql/052AddWorkFlow_postgresql.sql status 0
File /opt/Development/workspace/CST-STD/migration/003_FI/postgresql/053AddCallout_postgresql.sql status 0
File /opt/Development/workspace/CST-STD/migration/003_FI/postgresql/054AddIdentifierTablePR_postgresql.sql status 0
File /opt/Development/workspace/CST-STD/migration/003_FI/postgresql/055AddTableLVE_RV_OPR_postgresql.sql status 0
File /opt/Development/workspace/CST-STD/migration/003_FI/postgresql/056AddViewOP_postgresql.sql status 0
File /opt/Development/workspace/CST-STD/migration/003_FI/postgresql/057AddProcessSB_OPR_postgresql.sql status 0
File /opt/Development/workspace/CST-STD/migration/003_FI/postgresql/058UpgradeViewOP_postgresql.sql status 0
File /opt/Development/workspace/CST-STD/migration/003_FI/postgresql/059AddSBOpenPayment_postgresql.sql status 0
File /opt/Development/workspace/CST-STD/migration/003_FI/postgresql/060UpgradeColumnProcessing_postgresql.sql status 0
File /opt/Development/workspace/CST-STD/migration/003_FI/postgresql/061UpgradeWindowPR_postgresql.sql status 0
File /opt/Development/workspace/CST-STD/migration/003_FI/postgresql/062AddProcessSB_postgresql.sql status 0
File /opt/Development/workspace/CST-STD/migration/003_FI/postgresql/063UpgradeColumnProcessing_postgresql.sql status 0
File /opt/Development/workspace/CST-STD/migration/003_FI/postgresql/064UpgradeTablePRL_postgresql.sql status 0
File /opt/Development/workspace/CST-STD/migration/003_FI/postgresql/065UpgradeTablePR_postgresql.sql status 0
File /opt/Development/workspace/CST-STD/migration/003_FI/postgresql/066AddProcessDocAction_postgresql.sql status 0
File /opt/Development/workspace/CST-STD/migration/003_FI/postgresql/067UpgradeColumnDocAction_postgresql.sql status 0
File /opt/Development/workspace/CST-STD/migration/003_FI/postgresql/068UpgradeWindows_postgresql.sql status 0
File /opt/Development/workspace/CST-STD/migration/003_FI/postgresql/069UpgradeSmartBrowser_postgresql.sql status 0
File /opt/Development/workspace/CST-STD/migration/003_FI/postgresql/070UpgradeColumnsPR_postgresql.sql status 0
File /opt/Development/workspace/CST-STD/migration/003_FI/postgresql/071AddColumnCBP_postgresql.sql status 0
File /opt/Development/workspace/CST-STD/migration/003_FI/postgresql/072UpgradeTableLVE_PRL_postgresql.sql status 0
File /opt/Development/workspace/CST-STD/migration/003_FI/postgresql/073UpgradeSBOP_postgresql.sql status 0
File /opt/Development/workspace/CST-STD/migration/003_FI/postgresql/074UpgradeSBOP_postgresql.sql status 0
File /opt/Development/workspace/CST-STD/migration/003_FI/postgresql/075UpdateEntityTypeofColumns.sql status 0
File /opt/Development/workspace/CST-STD/migration/003_FI/postgresql/076UpdateColumns.sql status 0
File /opt/Development/workspace/CST-STD/migration/003_FI/postgresql/077UpdateSmartBrowse.sql status 0
File /opt/Development/workspace/CST-STD/migration/003_FI/postgresql/078UpdateSmartBrowseAndColumnChargeintoPaymentRequest.sql status 0
File /opt/Development/workspace/CST-STD/migration/003_FI/postgresql/079UpdateValidationsPaySelection.sql status 0
File /opt/Development/workspace/CST-STD/migration/003_FI/postgresql/080AddColumnJournalLineinPaySelection.sql status 0
File /opt/Development/workspace/CST-STD/migration/003_FI/postgresql/081UpdateValidationSmartBrowseCreateFrom.sql status 0
File /opt/Development/workspace/CST-STD/migration/003_FI/postgresql/082UpdateWindowPaymentRequest.sql status 0
File /opt/Development/workspace/CST-STD/migration/003_FI/postgresql/083AddColumnIsPreparedinPaymentRequestLine.sql status 0
File /opt/Development/workspace/CST-STD/migration/003_FI/postgresql/084AddModelValidator.sql status 0
File /opt/Development/workspace/CST-STD/migration/003_FI/postgresql/085UpdateWindowPaySelectionLine.sql status 0
File /opt/Development/workspace/CST-STD/migration/003_FI/postgresql/086UpdateColumnRequestType.sql status 0
File /opt/Development/workspace/CST-STD/migration/003_FI/postgresql/087AddCalloutJournalLine.sql status 0
File /opt/Development/workspace/CST-STD/migration/003_FI/postgresql/088AddProcessPaymentRequestDetail.sql status 0
File /opt/Development/workspace/CST-STD/migration/003_FI/postgresql/089AddProcessToWindowPaymentRequest.sql status 0
File /opt/Development/workspace/CST-STD/migration/003_FI/postgresql/090UpdateElementTranslationAndMenu.sql status 0
File /opt/Development/workspace/CST-STD/migration/003_FI/postgresql/091UpdateValueReferenceListPaymentRequest.sql status 0
File /opt/Development/workspace/CST-STD/migration/003_FI/postgresql/092UpdateReferenceOrderAndInvoice.sql status 0
File /opt/Development/workspace/CST-STD/migration/003_FI/postgresql/093UpdateWindowLVE_PaymentRequest.sql status 0
File /opt/Development/workspace/CST-STD/migration/003_FI/postgresql/094AddClauseWhereInSmartBrowse.sql status 0
File /opt/Development/workspace/CST-STD/migration/003_FI/postgresql/095AddProcessEmailNotificationOfPayment.sql status 0
File /opt/Development/workspace/CST-STD/migration/003_FI/postgresql/096UpdateTableBP_BankAccount.sql status 0
File /opt/Development/workspace/CST-STD/migration/003_FI/postgresql/097AddParameterPaymenInProcessForSendNotification.sql status 0
File /opt/Development/workspace/CST-STD/migration/003_FI/postgresql/098AddValidationforPaymentExistsInPaymentBatch.sql status 0
File /opt/Development/workspace/CST-STD/migration/003_FI/postgresql/099UpdateColumnSmartBrowse.sql status 0
File /opt/Development/workspace/CST-STD/migration/003_FI/postgresql/100AddImportPaymentRequest_postgresql.sql status 0
File /opt/Development/workspace/CST-STD/migration/003_FI/postgresql/101AddSupportForPaymentRequestOnlyBusinessPartner.sql status 0
File /opt/Development/workspace/CST-STD/migration/003_FI/postgresql/102AddValidationInInvoiceAndSelectColumnsSelection.sql status 0
File /opt/Development/workspace/CST-STD/migration/003_FI/postgresql/103AddSupportforviewDueDateInPaymentRequest.sql status 0
File /opt/Development/workspace/CST-STD/migration/003_FI/postgresql/103Updatevalidationsofdocumentsinpaymentrequest.sql status 0
File /opt/Development/workspace/CST-STD/migration/003_FI/postgresql/104UpdateWindowPaymentRequest.sql status 0
File /opt/Development/workspace/CST-STD/migration/003_FI/postgresql/105DeleteModelValidatorPrePayOrder.sql status 0
File /opt/Development/workspace/CST-STD/migration/003_FI/postgresql/106OrderBySmartBrowser.sql status 0
File /opt/Development/workspace/CST-STD/migration/003_FI/postgresql/107UpdateWindowLVE_OrderPrepay.sql status 0
File /opt/Development/workspace/CST-STD/migration/003_FI/postgresql/108AddProcessBalancePerBank.sql status 0
File /opt/Development/workspace/CST-STD/migration/003_FI/postgresql/109UpdateProcessBalancePerBank.sql status 0
File /opt/Development/workspace/CST-STD/migration/003_FI/postgresql/110UpdateProcessBalancePerBankAddParameterOrganization.sql status 0
File /opt/Development/workspace/CST-STD/migration/003_FI/postgresql/111AddQueryCriteriaDueDate.sql status 0
File /opt/Development/workspace/CST-STD/migration/003_FI/postgresql/112UpdateSmartBrowseAddColumnsPrepaidAmount.sql status 0
File /opt/Development/workspace/CST-STD/migration/003_FI/postgresql/113UpdateOrderInSmartBrowseCreatePaymentRequestFrom.sql status 0
File /opt/Development/workspace/CST-STD/migration/003_FI/postgresql/114AddMessageExcededOpenAmt.sql status 0
File /opt/Development/workspace/CST-STD/migration/003_FI/postgresql/115AddColumnGrandTotaltoSmartBrowseCreateFromPaymentRequest.sql status 0
File /opt/Development/workspace/CST-STD/migration/003_FI/postgresql/116UpdateValidationC_DocTypeInSmartBrowseCreateFrom.sql status 0
File /opt/Development/workspace/CST-STD/migration/003_FI/postgresql/117UpdateC_DocTypeInSmartBrowseCreateFrom.sql status 0
File /opt/Development/workspace/CST-STD/migration/003_FI/postgresql/118AddColumnIsExceededAmtInPaymentRequestLine.sql status 0
File /opt/Development/workspace/CST-STD/migration/003_FI/postgresql/119UpdateValidationDocumentTypeInSmartBrowseCreateFrom.sql status 0
File /opt/Development/workspace/CST-STD/migration/003_FI/postgresql/120AddColumnIsConcilatedPayBs_postgresql.sql status 0
File /opt/Development/workspace/CST-STD/migration/003_FI/postgresql/121AddColumnBPBankAccountInPymentRequest_postgresql.sql status 0
File /opt/Development/workspace/CST-STD/migration/003_FI/postgresql/122AddCallOutPaymentRequestLine_postgresql.sql status 0
File /opt/Development/workspace/CST-STD/migration/003_FI/postgresql/123AddColumnDocumentTypeForPayment_postgresql.sql status 0
File /opt/Development/workspace/CST-STD/migration/003_FI/postgresql/800AddTablesIntoDB_postgresql.sql status 0
File /opt/Development/workspace/CST-STD/migration/003_FI/postgresql/801Add_Columns_To_Default_Tables_postgresql.sql status 0
File /opt/Development/workspace/CST-STD/migration/003_FI/postgresql/802LVE-EFT-ForeignKeys_PostgreSQL.sql status 0
File /opt/Development/workspace/CST-STD/migration/003_FI/postgresql/803AddUnikeIndexIntoColum_PostgreSQL.sql status 0
File /opt/Development/workspace/CST-STD/migration/003_FI/postgresql/804AddFunctionPaymentRequestOpen.sql status 0
File /opt/Development/workspace/CST-STD/migration/003_FI/postgresql/849Create_Function_OrderOpen.sql status 0
File /opt/Development/workspace/CST-STD/migration/003_FI/postgresql/850Create_View_LVE_RV_Order_v_postgresql.sql status 0
File /opt/Development/workspace/CST-STD/migration/003_FI/postgresql/851AddViewLVE_Order_v.sql status 0
File /opt/Development/workspace/CST-STD/migration/003_FI/postgresql/852AddViewLVE_RV_C_Order.sql status 0
File /opt/Development/workspace/CST-STD/migration/003_FI/postgresql/853AddViewLVE_RV_OrderOpen.sql status 0
File /opt/Development/workspace/CST-STD/migration/003_FI/postgresql/854AddViewT_LVE_AccountStatement.sql status 0
File /opt/Development/workspace/CST-STD/migration/003_FI/postgresql/855AddViewLVE_RV_OpenItem.sql status 0
File /opt/Development/workspace/CST-STD/migration/003_FI/postgresql/856AddTableT_LVE_AccountStatementHeader.sql status 0
File /opt/Development/workspace/CST-STD/migration/003_FI/postgresql/856AddViewLVE_RV_PaymentRequestLine.sql status 0
File /opt/Development/workspace/CST-STD/migration/003_FI/postgresql/856AddViewT_LVE_RV_AccountStatementHeader.sql status 0
File /opt/Development/workspace/CST-STD/migration/003_FI/postgresql/857AddViewLVE_RV_OpenPayment.sql status 0
File /opt/Development/workspace/CST-STD/migration/003_FI/postgresql/857AddViewT_LVE_RV_AccountStatement.sql status 0
File /opt/Development/workspace/CST-STD/migration/003_FI/postgresql/859AddViewLVE_RV_PaymentRequest.sql status 0
File /opt/Development/workspace/CST-STD/migration/003_FI/postgresql/859AddViewLVE_RV_PaymentRequestDetail.sql status 0
File /opt/Development/workspace/CST-STD/migration/003_FI/postgresql/860AddViewRV_AccountStatement.sql status 0
File /opt/Development/workspace/CST-STD/migration/003_FI/postgresql/891Create_Function_OrderDiscount.sql status 0
File /opt/Development/workspace/CST-STD/migration/003_FI/postgresql/892Update_IsPayScheduleValid_on_C_Order_postgresql.sql status 0
